[2019-10-21 11:09:43] live.EMERGENCY: ERROR: NOT ALLOWED:Sự không phù hợp giữa số lượng bán và số lượng mua. Sản phẩm: Khoai lang tím sấy giòn - Gói 100g SKU: DT-07 Quantity: 1Hàng hóa có sẵn đã hết hạn. Business: Chất Đà Lạt Location: Chất Đà Lạt  
[2019-10-21 11:09:43] live.EMERGENCY: File:/home2/toupos/public_html/app/Utils/TransactionUtil.phpLine:2384Message:ERROR: NOT ALLOWED:Sự không phù hợp giữa số lượng bán và số lượng mua. Sản phẩm: Khoai lang tím sấy giòn - Gói 100g SKU: DT-07 Quantity: 1Hàng hóa có sẵn đã hết hạn.  
[2019-10-21 12:21:17] live.EMERGENCY: ERROR: NOT ALLOWED:Sự không phù hợp giữa số lượng bán và số lượng mua. Sản phẩm: Trà lài bao thiếc 100g SKU: CF-12 Quantity: 1Hàng hóa có sẵn đã hết hạn. Business: Chất Đà Lạt Location: Chất Đà Lạt  
[2019-10-21 12:21:17] live.EMERGENCY: File:/home2/toupos/public_html/app/Utils/TransactionUtil.phpLine:2384Message:ERROR: NOT ALLOWED:Sự không phù hợp giữa số lượng bán và số lượng mua. Sản phẩm: Trà lài bao thiếc 100g SKU: CF-12 Quantity: 1Hàng hóa có sẵn đã hết hạn.  
[2019-10-21 13:48:22] live.EMERGENCY: File:/home2/toupos/public_html/app/Http/Controllers/PurchaseController.phpLine:606Message:Undefined index: total_before_tax  
[2019-10-21 14:00:34] live.EMERGENCY: File:/home2/toupos/public_html/app/Http/Controllers/PurchaseController.phpLine:606Message:Undefined index: total_before_tax  
[2019-10-21 14:02:05] live.EMERGENCY: File:/home2/toupos/public_html/app/Http/Controllers/PurchaseController.phpLine:606Message:Undefined index: total_before_tax  
[2019-10-21 14:02:28] live.EMERGENCY: File:/home2/toupos/public_html/app/Http/Controllers/PurchaseController.phpLine:606Message:Undefined index: total_before_tax  
[2019-10-21 14:02:31] live.EMERGENCY: File:/home2/toupos/public_html/app/Http/Controllers/PurchaseController.phpLine:606Message:Undefined index: total_before_tax  
[2019-10-21 14:19:42] live.EMERGENCY: ERROR: NOT ALLOWED:Sự không phù hợp giữa số lượng bán và số lượng mua. Sản phẩm: Trà Oolong bao nhôm 200g SKU: CF-03 Quantity: 1Hàng hóa có sẵn đã hết hạn. Business: Chất Đà Lạt Location: Chất Đà Lạt  
[2019-10-21 14:19:42] live.EMERGENCY: File:/home2/toupos/public_html/app/Utils/TransactionUtil.phpLine:2384Message:ERROR: NOT ALLOWED:Sự không phù hợp giữa số lượng bán và số lượng mua. Sản phẩm: Trà Oolong bao nhôm 200g SKU: CF-03 Quantity: 1Hàng hóa có sẵn đã hết hạn.  
[2019-10-21 14:20:17] live.EMERGENCY: ERROR: NOT ALLOWED:Sự không phù hợp giữa số lượng bán và số lượng mua. Sản phẩm: Trà Oolong bao nhôm 200g SKU: CF-03 Quantity: 1Hàng hóa có sẵn đã hết hạn. Business: Chất Đà Lạt Location: Chất Đà Lạt  
[2019-10-21 14:20:17] live.EMERGENCY: File:/home2/toupos/public_html/app/Utils/TransactionUtil.phpLine:2384Message:ERROR: NOT ALLOWED:Sự không phù hợp giữa số lượng bán và số lượng mua. Sản phẩm: Trà Oolong bao nhôm 200g SKU: CF-03 Quantity: 1Hàng hóa có sẵn đã hết hạn.  
[2019-10-21 14:30:48] live.EMERGENCY: File:/home2/toupos/public_html/app/Http/Controllers/PurchaseController.phpLine:606Message:Undefined index: total_before_tax  
[2019-10-21 14:30:51] live.EMERGENCY: File:/home2/toupos/public_html/app/Http/Controllers/PurchaseController.phpLine:606Message:Undefined index: total_before_tax  
[2019-10-21 14:35:23] live.EMERGENCY: File:/home2/toupos/public_html/app/Http/Controllers/PurchaseController.phpLine:606Message:Undefined index: total_before_tax  
[2019-10-21 14:36:06] live.EMERGENCY: File:/home2/toupos/public_html/app/Http/Controllers/PurchaseController.phpLine:606Message:Undefined index: total_before_tax  
[2019-10-21 14:36:08] live.EMERGENCY: File:/home2/toupos/public_html/app/Http/Controllers/PurchaseController.phpLine:606Message:Undefined index: total_before_tax  
[2019-10-21 14:37:28] live.EMERGENCY: File:/home2/toupos/public_html/app/Http/Controllers/PurchaseController.phpLine:606Message:Undefined index: total_before_tax  
[2019-10-21 14:40:31] live.EMERGENCY: File:/home2/toupos/public_html/app/Http/Controllers/PurchaseController.phpLine:606Message:Undefined index: total_before_tax  
[2019-10-21 14:41:28] live.EMERGENCY: File:/home2/toupos/public_html/app/Http/Controllers/PurchaseController.phpLine:606Message:Undefined index: total_before_tax  
[2019-10-21 14:41:30] live.EMERGENCY: File:/home2/toupos/public_html/app/Http/Controllers/PurchaseController.phpLine:606Message:Undefined index: total_before_tax  
[2019-10-21 14:41:33] live.EMERGENCY: File:/home2/toupos/public_html/app/Http/Controllers/PurchaseController.phpLine:606Message:Undefined index: total_before_tax  
[2019-10-21 14:41:50] live.EMERGENCY: File:/home2/toupos/public_html/app/Http/Controllers/PurchaseController.phpLine:606Message:Undefined index: total_before_tax  
[2019-10-21 14:41:52] live.EMERGENCY: File:/home2/toupos/public_html/app/Http/Controllers/PurchaseController.phpLine:606Message:Undefined index: total_before_tax  
[2019-10-21 14:41:54] live.EMERGENCY: File:/home2/toupos/public_html/app/Http/Controllers/PurchaseController.phpLine:606Message:Undefined index: total_before_tax  
[2019-10-21 14:41:56] live.EMERGENCY: File:/home2/toupos/public_html/app/Http/Controllers/PurchaseController.phpLine:606Message:Undefined index: total_before_tax  
[2019-10-21 15:02:23] live.EMERGENCY: File:/home2/toupos/public_html/app/Http/Controllers/PurchaseController.phpLine:606Message:Undefined index: total_before_tax  
[2019-10-21 15:04:23] live.EMERGENCY: File:/home2/toupos/public_html/app/Http/Controllers/PurchaseController.phpLine:606Message:Undefined index: total_before_tax  
[2019-10-21 15:04:25] live.EMERGENCY: File:/home2/toupos/public_html/app/Http/Controllers/PurchaseController.phpLine:606Message:Undefined index: total_before_tax  
[2019-10-21 15:08:09] live.EMERGENCY: File:/home2/toupos/public_html/app/Http/Controllers/PurchaseController.phpLine:606Message:Undefined index: total_before_tax  
[2019-10-21 15:08:10] live.EMERGENCY: File:/home2/toupos/public_html/app/Http/Controllers/PurchaseController.phpLine:606Message:Undefined index: total_before_tax  
[2019-10-21 15:47:24] live.EMERGENCY: ERROR: NOT ALLOWED:Sự không phù hợp giữa số lượng bán và số lượng mua. Sản phẩm: Trà Oolong bao nhôm 200g SKU: CF-03 Quantity: 1Hàng hóa có sẵn đã hết hạn. Business: Chất Đà Lạt Location: Chất Đà Lạt  
[2019-10-21 15:47:24] live.EMERGENCY: File:/home2/toupos/public_html/app/Utils/TransactionUtil.phpLine:2384Message:ERROR: NOT ALLOWED:Sự không phù hợp giữa số lượng bán và số lượng mua. Sản phẩm: Trà Oolong bao nhôm 200g SKU: CF-03 Quantity: 1Hàng hóa có sẵn đã hết hạn.  
