[2019-10-23 16:32:42] live.EMERGENCY: ERROR: NOT ALLOWED:Sự không phù hợp giữa số lượng bán và số lượng mua. Sản phẩm: Trà Oolong bao nhôm 200g SKU: CF-03 Quantity: 1Hàng hóa có sẵn đã hết hạn. Business: Chất Đà Lạt Location: Chất Đà Lạt  
[2019-10-23 16:32:42] live.EMERGENCY: File:/home2/toupos/public_html/app/Utils/TransactionUtil.phpLine:2384Message:ERROR: NOT ALLOWED:Sự không phù hợp giữa số lượng bán và số lượng mua. Sản phẩm: Trà Oolong bao nhôm 200g SKU: CF-03 Quantity: 1Hàng hóa có sẵn đã hết hạn.  
[2019-10-23 16:33:45] live.EMERGENCY: ERROR: NOT ALLOWED:Sự không phù hợp giữa số lượng bán và số lượng mua. Sản phẩm: Trà đen 301 SKU: CF-16 Quantity: 1Hàng hóa có sẵn đã hết hạn. Business: Chất Đà Lạt Location: Chất Đà Lạt  
[2019-10-23 16:33:45] live.EMERGENCY: File:/home2/toupos/public_html/app/Utils/TransactionUtil.phpLine:2384Message:ERROR: NOT ALLOWED:Sự không phù hợp giữa số lượng bán và số lượng mua. Sản phẩm: Trà đen 301 SKU: CF-16 Quantity: 1Hàng hóa có sẵn đã hết hạn.  
[2019-10-23 17:03:29] live.EMERGENCY: File:/home2/toupos/public_html/app/Http/Controllers/PurchaseController.phpLine:606Message:Undefined index: total_before_tax  
[2019-10-23 17:03:31] live.EMERGENCY: File:/home2/toupos/public_html/app/Http/Controllers/PurchaseController.phpLine:606Message:Undefined index: total_before_tax  
[2019-10-23 17:09:01] live.EMERGENCY: File:/home2/toupos/public_html/app/Http/Controllers/PurchaseController.phpLine:606Message:Undefined index: total_before_tax  
[2019-10-23 17:09:03] live.EMERGENCY: File:/home2/toupos/public_html/app/Http/Controllers/PurchaseController.phpLine:606Message:Undefined index: total_before_tax  
[2019-10-23 17:15:14] live.EMERGENCY: ERROR: NOT ALLOWED:Sự không phù hợp giữa số lượng bán và số lượng mua. Sản phẩm: Trà đen 301 SKU: CF-16 Quantity: 1Hàng hóa có sẵn đã hết hạn. Business: Chất Đà Lạt Location: Chất Đà Lạt  
[2019-10-23 17:15:14] live.EMERGENCY: File:/home2/toupos/public_html/app/Utils/TransactionUtil.phpLine:2384Message:ERROR: NOT ALLOWED:Sự không phù hợp giữa số lượng bán và số lượng mua. Sản phẩm: Trà đen 301 SKU: CF-16 Quantity: 1Hàng hóa có sẵn đã hết hạn.  
[2019-10-23 17:27:35] live.EMERGENCY: ERROR: NOT ALLOWED:Sự không phù hợp giữa số lượng bán và số lượng mua. Sản phẩm: Trà đen 301 SKU: CF-16 Quantity: 1Hàng hóa có sẵn đã hết hạn. Business: Chất Đà Lạt Location: Chất Đà Lạt  
[2019-10-23 17:27:35] live.EMERGENCY: File:/home2/toupos/public_html/app/Utils/TransactionUtil.phpLine:2384Message:ERROR: NOT ALLOWED:Sự không phù hợp giữa số lượng bán và số lượng mua. Sản phẩm: Trà đen 301 SKU: CF-16 Quantity: 1Hàng hóa có sẵn đã hết hạn.  
[2019-10-23 17:28:13] live.EMERGENCY: ERROR: NOT ALLOWED:Sự không phù hợp giữa số lượng bán và số lượng mua. Sản phẩm: Trà đen 301 SKU: CF-16 Quantity: 1Hàng hóa có sẵn đã hết hạn. Business: Chất Đà Lạt Location: Chất Đà Lạt  
[2019-10-23 17:28:13] live.EMERGENCY: File:/home2/toupos/public_html/app/Utils/TransactionUtil.phpLine:2384Message:ERROR: NOT ALLOWED:Sự không phù hợp giữa số lượng bán và số lượng mua. Sản phẩm: Trà đen 301 SKU: CF-16 Quantity: 1Hàng hóa có sẵn đã hết hạn.  
[2019-10-23 17:30:53] live.EMERGENCY: ERROR: NOT ALLOWED:Sự không phù hợp giữa số lượng bán và số lượng mua. Sản phẩm: Trà đen 301 SKU: CF-16 Quantity: 1Hàng hóa có sẵn đã hết hạn. Business: Chất Đà Lạt Location: Chất Đà Lạt  
[2019-10-23 17:30:53] live.EMERGENCY: File:/home2/toupos/public_html/app/Utils/TransactionUtil.phpLine:2384Message:ERROR: NOT ALLOWED:Sự không phù hợp giữa số lượng bán và số lượng mua. Sản phẩm: Trà đen 301 SKU: CF-16 Quantity: 1Hàng hóa có sẵn đã hết hạn.  
[2019-10-23 17:32:31] live.EMERGENCY: ERROR: NOT ALLOWED:Sự không phù hợp giữa số lượng bán và số lượng mua. Sản phẩm: Trà đen 301 SKU: CF-16 Quantity: 1Hàng hóa có sẵn đã hết hạn. Business: Chất Đà Lạt Location: Chất Đà Lạt  
[2019-10-23 17:32:31] live.EMERGENCY: File:/home2/toupos/public_html/app/Utils/TransactionUtil.phpLine:2384Message:ERROR: NOT ALLOWED:Sự không phù hợp giữa số lượng bán và số lượng mua. Sản phẩm: Trà đen 301 SKU: CF-16 Quantity: 1Hàng hóa có sẵn đã hết hạn.  
[2019-10-23 17:33:26] live.EMERGENCY: ERROR: NOT ALLOWED:Sự không phù hợp giữa số lượng bán và số lượng mua. Sản phẩm: Trà đen 301 SKU: CF-16 Quantity: 1Hàng hóa có sẵn đã hết hạn. Business: Chất Đà Lạt Location: Chất Đà Lạt  
[2019-10-23 17:33:26] live.EMERGENCY: File:/home2/toupos/public_html/app/Utils/TransactionUtil.phpLine:2384Message:ERROR: NOT ALLOWED:Sự không phù hợp giữa số lượng bán và số lượng mua. Sản phẩm: Trà đen 301 SKU: CF-16 Quantity: 1Hàng hóa có sẵn đã hết hạn.  
[2019-10-23 19:33:33] live.EMERGENCY: ERROR: NOT ALLOWED:Sự không phù hợp giữa số lượng bán và số lượng mua. Sản phẩm: Trà Oolong lon thiếc Tết 200g SKU: CF-06 Quantity: 3Hàng hóa có sẵn đã hết hạn. Business: Chất Đà Lạt Location: Chất Đà Lạt  
[2019-10-23 19:33:33] live.EMERGENCY: File:/home2/toupos/public_html/app/Utils/TransactionUtil.phpLine:2384Message:ERROR: NOT ALLOWED:Sự không phù hợp giữa số lượng bán và số lượng mua. Sản phẩm: Trà Oolong lon thiếc Tết 200g SKU: CF-06 Quantity: 3Hàng hóa có sẵn đã hết hạn.  
