[2019-10-07 13:11:51] live.EMERGENCY: ERROR: NOT ALLOWED:Sự không phù hợp giữa số lượng bán và số lượng mua. Sản phẩm: Thập cẩm sấy giòn - Gói 100g SKU: DT-04 Quantity: 2Hàng hóa có sẵn đã hết hạn. Business: Chất Đà Lạt Location: Chất Đà Lạt  
[2019-10-07 13:11:51] live.EMERGENCY: File:/home2/toupos/public_html/app/Utils/TransactionUtil.phpLine:2384Message:ERROR: NOT ALLOWED:Sự không phù hợp giữa số lượng bán và số lượng mua. Sản phẩm: Thập cẩm sấy giòn - Gói 100g SKU: DT-04 Quantity: 2Hàng hóa có sẵn đã hết hạn.  
[2019-10-07 13:13:51] live.EMERGENCY: ERROR: NOT ALLOWED:Sự không phù hợp giữa số lượng bán và số lượng mua. Sản phẩm: Chuối laba sấy giòn - Gói 100g SKU: DT-01 Quantity: 2Hàng hóa có sẵn đã hết hạn. Business: Chất Đà Lạt Location: Chất Đà Lạt  
[2019-10-07 13:13:51] live.EMERGENCY: File:/home2/toupos/public_html/app/Utils/TransactionUtil.phpLine:2384Message:ERROR: NOT ALLOWED:Sự không phù hợp giữa số lượng bán và số lượng mua. Sản phẩm: Chuối laba sấy giòn - Gói 100g SKU: DT-01 Quantity: 2Hàng hóa có sẵn đã hết hạn.  
[2019-10-07 13:28:56] live.EMERGENCY: ERROR: NOT ALLOWED:Sự không phù hợp giữa số lượng bán và số lượng mua. Sản phẩm: Thập cẩm sấy giòn - Gói 100g SKU: DT-04 Quantity: 2Hàng hóa có sẵn đã hết hạn. Business: Chất Đà Lạt Location: Chất Đà Lạt  
[2019-10-07 13:28:56] live.EMERGENCY: File:/home2/toupos/public_html/app/Utils/TransactionUtil.phpLine:2384Message:ERROR: NOT ALLOWED:Sự không phù hợp giữa số lượng bán và số lượng mua. Sản phẩm: Thập cẩm sấy giòn - Gói 100g SKU: DT-04 Quantity: 2Hàng hóa có sẵn đã hết hạn.  
[2019-10-07 13:28:57] live.EMERGENCY: ERROR: NOT ALLOWED:Sự không phù hợp giữa số lượng bán và số lượng mua. Sản phẩm: Thập cẩm sấy giòn - Gói 100g SKU: DT-04 Quantity: 2Hàng hóa có sẵn đã hết hạn. Business: Chất Đà Lạt Location: Chất Đà Lạt  
[2019-10-07 13:28:57] live.EMERGENCY: File:/home2/toupos/public_html/app/Utils/TransactionUtil.phpLine:2384Message:ERROR: NOT ALLOWED:Sự không phù hợp giữa số lượng bán và số lượng mua. Sản phẩm: Thập cẩm sấy giòn - Gói 100g SKU: DT-04 Quantity: 2Hàng hóa có sẵn đã hết hạn.  
[2019-10-07 13:29:31] live.EMERGENCY: File:/home2/toupos/public_html/app/Http/Controllers/PurchaseController.phpLine:606Message:Undefined index: total_before_tax  
[2019-10-07 13:35:33] live.EMERGENCY: ERROR: NOT ALLOWED:Sự không phù hợp giữa số lượng bán và số lượng mua. Sản phẩm: Thập cẩm sấy giòn - Gói 100g SKU: DT-04 Quantity: 5Hàng hóa có sẵn đã hết hạn. Business: Chất Đà Lạt Location: Chất Đà Lạt  
[2019-10-07 13:35:33] live.EMERGENCY: File:/home2/toupos/public_html/app/Utils/TransactionUtil.phpLine:2384Message:ERROR: NOT ALLOWED:Sự không phù hợp giữa số lượng bán và số lượng mua. Sản phẩm: Thập cẩm sấy giòn - Gói 100g SKU: DT-04 Quantity: 5Hàng hóa có sẵn đã hết hạn.  
[2019-10-07 13:36:07] live.EMERGENCY: ERROR: NOT ALLOWED:Sự không phù hợp giữa số lượng bán và số lượng mua. Sản phẩm: Chuối laba sấy giòn - Gói 100g SKU: DT-01 Quantity: 2Hàng hóa có sẵn đã hết hạn. Business: Chất Đà Lạt Location: Chất Đà Lạt  
[2019-10-07 13:36:07] live.EMERGENCY: File:/home2/toupos/public_html/app/Utils/TransactionUtil.phpLine:2384Message:ERROR: NOT ALLOWED:Sự không phù hợp giữa số lượng bán và số lượng mua. Sản phẩm: Chuối laba sấy giòn - Gói 100g SKU: DT-01 Quantity: 2Hàng hóa có sẵn đã hết hạn.  
[2019-10-07 13:37:40] live.EMERGENCY: ERROR: NOT ALLOWED:Sự không phù hợp giữa số lượng bán và số lượng mua. Sản phẩm: Chuối laba sấy giòn - Gói 100g SKU: DT-01 Quantity: 2Hàng hóa có sẵn đã hết hạn. Business: Chất Đà Lạt Location: Chất Đà Lạt  
[2019-10-07 13:37:40] live.EMERGENCY: File:/home2/toupos/public_html/app/Utils/TransactionUtil.phpLine:2384Message:ERROR: NOT ALLOWED:Sự không phù hợp giữa số lượng bán và số lượng mua. Sản phẩm: Chuối laba sấy giòn - Gói 100g SKU: DT-01 Quantity: 2Hàng hóa có sẵn đã hết hạn.  
[2019-10-07 13:38:41] live.EMERGENCY: File:/home2/toupos/public_html/app/Http/Controllers/PurchaseController.phpLine:606Message:Undefined index: total_before_tax  
[2019-10-07 13:39:01] live.EMERGENCY: ERROR: NOT ALLOWED:Sự không phù hợp giữa số lượng bán và số lượng mua. Sản phẩm: Bánh quy khoai lang - Gói 100g SKU: DT-08 Quantity: 1Hàng hóa có sẵn đã hết hạn. Business: Chất Đà Lạt Location: Chất Đà Lạt  
[2019-10-07 13:39:01] live.EMERGENCY: File:/home2/toupos/public_html/app/Utils/TransactionUtil.phpLine:2384Message:ERROR: NOT ALLOWED:Sự không phù hợp giữa số lượng bán và số lượng mua. Sản phẩm: Bánh quy khoai lang - Gói 100g SKU: DT-08 Quantity: 1Hàng hóa có sẵn đã hết hạn.  
[2019-10-07 13:41:11] live.EMERGENCY: ERROR: NOT ALLOWED:Sự không phù hợp giữa số lượng bán và số lượng mua. Sản phẩm: Chuối laba sấy giòn - Gói 100g SKU: DT-01 Quantity: 2Hàng hóa có sẵn đã hết hạn. Business: Chất Đà Lạt Location: Chất Đà Lạt  
[2019-10-07 13:41:11] live.EMERGENCY: File:/home2/toupos/public_html/app/Utils/TransactionUtil.phpLine:2384Message:ERROR: NOT ALLOWED:Sự không phù hợp giữa số lượng bán và số lượng mua. Sản phẩm: Chuối laba sấy giòn - Gói 100g SKU: DT-01 Quantity: 2Hàng hóa có sẵn đã hết hạn.  
[2019-10-07 13:43:38] live.EMERGENCY: ERROR: NOT ALLOWED:Sự không phù hợp giữa số lượng bán và số lượng mua. Sản phẩm: Chuối laba sấy giòn - Gói 100g SKU: DT-01 Quantity: 61Hàng hóa có sẵn đã hết hạn. Business: Chất Đà Lạt Location: Chất Đà Lạt  
[2019-10-07 13:43:38] live.EMERGENCY: File:/home2/toupos/public_html/app/Utils/TransactionUtil.phpLine:2384Message:ERROR: NOT ALLOWED:Sự không phù hợp giữa số lượng bán và số lượng mua. Sản phẩm: Chuối laba sấy giòn - Gói 100g SKU: DT-01 Quantity: 61Hàng hóa có sẵn đã hết hạn.  
[2019-10-07 13:43:47] live.EMERGENCY: ERROR: NOT ALLOWED:Sự không phù hợp giữa số lượng bán và số lượng mua. Sản phẩm: Chuối laba sấy giòn - Gói 100g SKU: DT-01 Quantity: 2Hàng hóa có sẵn đã hết hạn. Business: Chất Đà Lạt Location: Chất Đà Lạt  
[2019-10-07 13:43:47] live.EMERGENCY: File:/home2/toupos/public_html/app/Utils/TransactionUtil.phpLine:2384Message:ERROR: NOT ALLOWED:Sự không phù hợp giữa số lượng bán và số lượng mua. Sản phẩm: Chuối laba sấy giòn - Gói 100g SKU: DT-01 Quantity: 2Hàng hóa có sẵn đã hết hạn.  
[2019-10-07 13:43:52] live.EMERGENCY: ERROR: NOT ALLOWED:Sự không phù hợp giữa số lượng bán và số lượng mua. Sản phẩm: Chuối laba sấy giòn - Gói 100g SKU: DT-01 Quantity: 15Hàng hóa có sẵn đã hết hạn. Business: Chất Đà Lạt Location: Chất Đà Lạt  
[2019-10-07 13:43:52] live.EMERGENCY: File:/home2/toupos/public_html/app/Utils/TransactionUtil.phpLine:2384Message:ERROR: NOT ALLOWED:Sự không phù hợp giữa số lượng bán và số lượng mua. Sản phẩm: Chuối laba sấy giòn - Gói 100g SKU: DT-01 Quantity: 15Hàng hóa có sẵn đã hết hạn.  
[2019-10-07 13:44:12] live.EMERGENCY: ERROR: NOT ALLOWED:Sự không phù hợp giữa số lượng bán và số lượng mua. Sản phẩm: Bánh quy khoai lang - Gói 100g SKU: DT-08 Quantity: 1Hàng hóa có sẵn đã hết hạn. Business: Chất Đà Lạt Location: Chất Đà Lạt  
[2019-10-07 13:44:12] live.EMERGENCY: File:/home2/toupos/public_html/app/Utils/TransactionUtil.phpLine:2384Message:ERROR: NOT ALLOWED:Sự không phù hợp giữa số lượng bán và số lượng mua. Sản phẩm: Bánh quy khoai lang - Gói 100g SKU: DT-08 Quantity: 1Hàng hóa có sẵn đã hết hạn.  
[2019-10-07 13:44:24] live.EMERGENCY: ERROR: NOT ALLOWED:Sự không phù hợp giữa số lượng bán và số lượng mua. Sản phẩm: Dâu tây sấy - Hộp 155g SKU: BL-05 Quantity: 1Hàng hóa có sẵn đã hết hạn. Business: Chất Đà Lạt Location: Chất Đà Lạt  
[2019-10-07 13:44:24] live.EMERGENCY: File:/home2/toupos/public_html/app/Utils/TransactionUtil.phpLine:2384Message:ERROR: NOT ALLOWED:Sự không phù hợp giữa số lượng bán và số lượng mua. Sản phẩm: Dâu tây sấy - Hộp 155g SKU: BL-05 Quantity: 1Hàng hóa có sẵn đã hết hạn.  
[2019-10-07 14:49:01] live.EMERGENCY: ERROR: NOT ALLOWED:Sự không phù hợp giữa số lượng bán và số lượng mua. Sản phẩm: Thập cẩm sấy giòn - Gói 100g SKU: DT-04 Quantity: 1Hàng hóa có sẵn đã hết hạn. Business: Chất Đà Lạt Location: Chất Đà Lạt  
[2019-10-07 14:49:01] live.EMERGENCY: File:/home2/toupos/public_html/app/Utils/TransactionUtil.phpLine:2384Message:ERROR: NOT ALLOWED:Sự không phù hợp giữa số lượng bán và số lượng mua. Sản phẩm: Thập cẩm sấy giòn - Gói 100g SKU: DT-04 Quantity: 1Hàng hóa có sẵn đã hết hạn.  
[2019-10-07 14:49:33] live.EMERGENCY: ERROR: NOT ALLOWED:Sự không phù hợp giữa số lượng bán và số lượng mua. Sản phẩm: Thập cẩm sấy giòn - Gói 100g SKU: DT-04 Quantity: 1Hàng hóa có sẵn đã hết hạn. Business: Chất Đà Lạt Location: Chất Đà Lạt  
[2019-10-07 14:49:33] live.EMERGENCY: File:/home2/toupos/public_html/app/Utils/TransactionUtil.phpLine:2384Message:ERROR: NOT ALLOWED:Sự không phù hợp giữa số lượng bán và số lượng mua. Sản phẩm: Thập cẩm sấy giòn - Gói 100g SKU: DT-04 Quantity: 1Hàng hóa có sẵn đã hết hạn.  
