[2019-10-24 13:41:37] live.EMERGENCY: ERROR: NOT ALLOWED:Sự không phù hợp giữa số lượng bán và số lượng mua. Sản phẩm: Trà Oolong lon thiếc Tết 200g SKU: CF-06 Quantity: 4Hàng hóa có sẵn đã hết hạn. Business: Chất Đà Lạt Location: Chất Đà Lạt  
[2019-10-24 13:41:37] live.EMERGENCY: File:/home2/toupos/public_html/app/Utils/TransactionUtil.phpLine:2384Message:ERROR: NOT ALLOWED:Sự không phù hợp giữa số lượng bán và số lượng mua. Sản phẩm: Trà Oolong lon thiếc Tết 200g SKU: CF-06 Quantity: 4Hàng hóa có sẵn đã hết hạn.  
[2019-10-24 14:39:41] live.EMERGENCY: ERROR: NOT ALLOWED: Sự không phù hợp giữa điều chỉnh tồn kho và số lượng mua. Sản phẩm: Trà đen 301 SKU: CF-16 Quantity: 4 Business: Chất Đà Lạt Location: Chất Đà Lạt  
[2019-10-24 14:39:41] live.EMERGENCY: File:/home2/toupos/public_html/app/Utils/TransactionUtil.phpLine:2384Message:ERROR: NOT ALLOWED: Sự không phù hợp giữa điều chỉnh tồn kho và số lượng mua. Sản phẩm: Trà đen 301 SKU: CF-16 Quantity: 4  
[2019-10-24 14:40:21] live.EMERGENCY: ERROR: NOT ALLOWED: Sự không phù hợp giữa điều chỉnh tồn kho và số lượng mua. Sản phẩm: Trà đen 301 SKU: CF-16 Quantity: 4 Business: Chất Đà Lạt Location: Chất Đà Lạt  
[2019-10-24 14:40:21] live.EMERGENCY: File:/home2/toupos/public_html/app/Utils/TransactionUtil.phpLine:2384Message:ERROR: NOT ALLOWED: Sự không phù hợp giữa điều chỉnh tồn kho và số lượng mua. Sản phẩm: Trà đen 301 SKU: CF-16 Quantity: 4  
[2019-10-24 14:42:33] live.EMERGENCY: ERROR: NOT ALLOWED:Sự không phù hợp giữa số lượng bán và số lượng mua. Sản phẩm: Trà đen 301 SKU: CF-16 Quantity: 3Hàng hóa có sẵn đã hết hạn. Business: Chất Đà Lạt Location: Chất Đà Lạt  
[2019-10-24 14:42:33] live.EMERGENCY: File:/home2/toupos/public_html/app/Utils/TransactionUtil.phpLine:2384Message:ERROR: NOT ALLOWED:Sự không phù hợp giữa số lượng bán và số lượng mua. Sản phẩm: Trà đen 301 SKU: CF-16 Quantity: 3Hàng hóa có sẵn đã hết hạn.  
[2019-10-24 14:46:47] live.EMERGENCY: File:/home2/toupos/public_html/app/Http/Controllers/PurchaseController.phpLine:606Message:Undefined index: total_before_tax  
[2019-10-24 14:46:49] live.EMERGENCY: File:/home2/toupos/public_html/app/Http/Controllers/PurchaseController.phpLine:606Message:Undefined index: total_before_tax  
[2019-10-24 14:47:55] live.EMERGENCY: File:/home2/toupos/public_html/app/Http/Controllers/PurchaseController.phpLine:606Message:Undefined index: total_before_tax  
[2019-10-24 14:48:56] live.EMERGENCY: File:/home2/toupos/public_html/app/Http/Controllers/PurchaseController.phpLine:606Message:Undefined index: total_before_tax  
[2019-10-24 14:56:07] live.EMERGENCY: File:/home2/toupos/public_html/app/Http/Controllers/PurchaseController.phpLine:606Message:Undefined index: total_before_tax  
[2019-10-24 14:58:57] live.EMERGENCY: File:/home2/toupos/public_html/app/Http/Controllers/PurchaseController.phpLine:609Message:Undefined index: discount_type  
[2019-10-24 15:00:48] live.EMERGENCY: File:/home2/toupos/public_html/app/Http/Controllers/PurchaseController.phpLine:609Message:Undefined index: discount_type  
[2019-10-24 15:04:41] live.EMERGENCY: File:/home2/toupos/public_html/app/Http/Controllers/PurchaseController.phpLine:606Message:Undefined index: total_before_tax  
[2019-10-24 18:00:09] live.EMERGENCY: ERROR: NOT ALLOWED:Sự không phù hợp giữa số lượng bán và số lượng mua. Sản phẩm: Trà đen 301 SKU: CF-16 Quantity: 2Hàng hóa có sẵn đã hết hạn. Business: Chất Đà Lạt Location: Chất Đà Lạt  
[2019-10-24 18:00:09] live.EMERGENCY: File:/home2/toupos/public_html/app/Utils/TransactionUtil.phpLine:2384Message:ERROR: NOT ALLOWED:Sự không phù hợp giữa số lượng bán và số lượng mua. Sản phẩm: Trà đen 301 SKU: CF-16 Quantity: 2Hàng hóa có sẵn đã hết hạn.  
[2019-10-24 18:09:33] live.EMERGENCY: ERROR: NOT ALLOWED:Sự không phù hợp giữa số lượng bán và số lượng mua. Sản phẩm: Trà đen 301 SKU: CF-16 Quantity: 2Hàng hóa có sẵn đã hết hạn. Business: Chất Đà Lạt Location: Chất Đà Lạt  
[2019-10-24 18:09:33] live.EMERGENCY: File:/home2/toupos/public_html/app/Utils/TransactionUtil.phpLine:2384Message:ERROR: NOT ALLOWED:Sự không phù hợp giữa số lượng bán và số lượng mua. Sản phẩm: Trà đen 301 SKU: CF-16 Quantity: 2Hàng hóa có sẵn đã hết hạn.  
[2019-10-24 18:10:12] live.EMERGENCY: ERROR: NOT ALLOWED:Sự không phù hợp giữa số lượng bán và số lượng mua. Sản phẩm: Trà đen 301 SKU: CF-16 Quantity: 2Hàng hóa có sẵn đã hết hạn. Business: Chất Đà Lạt Location: Chất Đà Lạt  
[2019-10-24 18:10:12] live.EMERGENCY: File:/home2/toupos/public_html/app/Utils/TransactionUtil.phpLine:2384Message:ERROR: NOT ALLOWED:Sự không phù hợp giữa số lượng bán và số lượng mua. Sản phẩm: Trà đen 301 SKU: CF-16 Quantity: 2Hàng hóa có sẵn đã hết hạn.  
[2019-10-24 18:11:48] live.EMERGENCY: ERROR: NOT ALLOWED:Sự không phù hợp giữa số lượng bán và số lượng mua. Sản phẩm: Trà đen 301 SKU: CF-16 Quantity: 4 Business: Chất Đà Lạt Location: Chất Đà Lạt  
[2019-10-24 18:11:48] live.EMERGENCY: File:/home2/toupos/public_html/app/Utils/TransactionUtil.phpLine:2384Message:ERROR: NOT ALLOWED:Sự không phù hợp giữa số lượng bán và số lượng mua. Sản phẩm: Trà đen 301 SKU: CF-16 Quantity: 4  
[2019-10-24 18:11:52] live.EMERGENCY: ERROR: NOT ALLOWED:Sự không phù hợp giữa số lượng bán và số lượng mua. Sản phẩm: Trà Oolong lon thiếc Tết 200g SKU: CF-06 Quantity: 4Hàng hóa có sẵn đã hết hạn. Business: Chất Đà Lạt Location: Chất Đà Lạt  
[2019-10-24 18:11:52] live.EMERGENCY: File:/home2/toupos/public_html/app/Utils/TransactionUtil.phpLine:2384Message:ERROR: NOT ALLOWED:Sự không phù hợp giữa số lượng bán và số lượng mua. Sản phẩm: Trà Oolong lon thiếc Tết 200g SKU: CF-06 Quantity: 4Hàng hóa có sẵn đã hết hạn.  
