[2019-09-10 07:03:29] live.ERROR: SQLSTATE[HY000] [1045] Access denied for user 'toupos_ac'@'localhost' (using password: YES) {"exception":"[object] (PDOException(code: 1045): SQLSTATE[HY000] [1045] Access denied for user 'toupos_ac'@'localhost' (using password: YES) at /home2/toupos/public_html/vendor/laravel/framework/src/Illuminate/Database/Connectors/Connector.php:67)
[stacktrace]
#0 /home2/toupos/public_html/vendor/laravel/framework/src/Illuminate/Database/Connectors/Connector.php(67): PDO->__construct('mysql:host=loca...', 'toupos_ac', 'Hn@000425', Array)
#1 /home2/toupos/public_html/vendor/laravel/framework/src/Illuminate/Database/Connectors/Connector.php(43): Illuminate\\Database\\Connectors\\Connector->createPdoConnection('mysql:host=loca...', 'toupos_ac', 'Hn@000425', Array)
#2 /home2/toupos/public_html/vendor/laravel/framework/src/Illuminate/Database/Connectors/MySqlConnector.php(24): Illuminate\\Database\\Connectors\\Connector->createConnection('mysql:host=loca...', Array, Array)
#3 /home2/toupos/public_html/vendor/laravel/framework/src/Illuminate/Database/Connectors/ConnectionFactory.php(183): Illuminate\\Database\\Connectors\\MySqlConnector->connect(Array)
#4 [internal function]: Illuminate\\Database\\Connectors\\ConnectionFactory->Illuminate\\Database\\Connectors\\{closure}()
#5 /home2/toupos/public_html/vendor/laravel/framework/src/Illuminate/Database/Connection.php(915): call_user_func(Object(Closure))
#6 /home2/toupos/public_html/vendor/laravel/framework/src/Illuminate/Database/Connection.php(940): Illuminate\\Database\\Connection->getPdo()
#7 /home2/toupos/public_html/vendor/laravel/framework/src/Illuminate/Database/Connection.php(399): Illuminate\\Database\\Connection->getReadPdo()
#8 /home2/toupos/public_html/vendor/laravel/framework/src/Illuminate/Database/Connection.php(325): Illuminate\\Database\\Connection->getPdoForSelect(true)
#9 /home2/toupos/public_html/vendor/laravel/framework/src/Illuminate/Database/Connection.php(657): Illuminate\\Database\\Connection->Illuminate\\Database\\{closure}('select * from `...', Array)
#10 /home2/toupos/public_html/vendor/laravel/framework/src/Illuminate/Database/Connection.php(624): Illuminate\\Database\\Connection->runQueryCallback('select * from `...', Array, Object(Closure))
#11 /home2/toupos/public_html/vendor/laravel/framework/src/Illuminate/Database/Connection.php(333): Illuminate\\Database\\Connection->run('select * from `...', Array, Object(Closure))
#12 /home2/toupos/public_html/vendor/laravel/framework/src/Illuminate/Database/Query/Builder.php(1719): Illuminate\\Database\\Connection->select('select * from `...', Array, true)
#13 /home2/toupos/public_html/vendor/laravel/framework/src/Illuminate/Database/Query/Builder.php(1704): Illuminate\\Database\\Query\\Builder->runSelect()
#14 /home2/toupos/public_html/vendor/laravel/framework/src/Illuminate/Database/Eloquent/Builder.php(481): Illuminate\\Database\\Query\\Builder->get(Array)
#15 /home2/toupos/public_html/vendor/laravel/framework/src/Illuminate/Database/Eloquent/Builder.php(465): Illuminate\\Database\\Eloquent\\Builder->getModels(Array)
#16 /home2/toupos/public_html/vendor/laravel/framework/src/Illuminate/Database/Concerns/BuildsQueries.php(77): Illuminate\\Database\\Eloquent\\Builder->get(Array)
#17 /home2/toupos/public_html/app/System.php(39): Illuminate\\Database\\Eloquent\\Builder->first()
#18 /home2/toupos/public_html/app/Utils/ModuleUtil.php(27): App\\System::getProperty('woocommerce_ver...')
#19 /home2/toupos/public_html/Modules/Woocommerce/Providers/WoocommerceServiceProvider.php(151): App\\Utils\\ModuleUtil->isModuleInstalled('Woocommerce')
#20 /home2/toupos/public_html/Modules/Woocommerce/Providers/WoocommerceServiceProvider.php(48): Modules\\Woocommerce\\Providers\\WoocommerceServiceProvider->registerScheduleCommands()
#21 [internal function]: Modules\\Woocommerce\\Providers\\WoocommerceServiceProvider->boot()
#22 /home2/toupos/public_html/vendor/laravel/framework/src/Illuminate/Container/BoundMethod.php(29): call_user_func_array(Array, Array)
#23 /home2/toupos/public_html/vendor/laravel/framework/src/Illuminate/Container/BoundMethod.php(87): Illuminate\\Container\\BoundMethod::Illuminate\\Container\\{closure}()
#24 /home2/toupos/public_html/vendor/laravel/framework/src/Illuminate/Container/BoundMethod.php(31): Illuminate\\Container\\BoundMethod::callBoundMethod(Object(Illuminate\\Foundation\\Application), Array, Object(Closure))
#25 /home2/toupos/public_html/vendor/laravel/framework/src/Illuminate/Container/Container.php(549): Illuminate\\Container\\BoundMethod::call(Object(Illuminate\\Foundation\\Application), Array, Array, NULL)
#26 /home2/toupos/public_html/vendor/laravel/framework/src/Illuminate/Foundation/Application.php(792): Illuminate\\Container\\Container->call(Array)
#27 /home2/toupos/public_html/vendor/laravel/framework/src/Illuminate/Foundation/Application.php(775): Illuminate\\Foundation\\Application->bootProvider(Object(Modules\\Woocommerce\\Providers\\WoocommerceServiceProvider))
#28 [internal function]: Illuminate\\Foundation\\Application->Illuminate\\Foundation\\{closure}(Object(Modules\\Woocommerce\\Providers\\WoocommerceServiceProvider), 43)
#29 /home2/toupos/public_html/vendor/laravel/framework/src/Illuminate/Foundation/Application.php(776): array_walk(Array, Object(Closure))
#30 /home2/toupos/public_html/vendor/laravel/framework/src/Illuminate/Foundation/Bootstrap/BootProviders.php(17): Illuminate\\Foundation\\Application->boot()
#31 /home2/toupos/public_html/vendor/laravel/framework/src/Illuminate/Foundation/Application.php(213): Illuminate\\Foundation\\Bootstrap\\BootProviders->bootstrap(Object(Illuminate\\Foundation\\Application))
#32 /home2/toupos/public_html/vendor/laravel/framework/src/Illuminate/Foundation/Http/Kernel.php(162): Illuminate\\Foundation\\Application->bootstrapWith(Array)
#33 /home2/toupos/public_html/vendor/laravel/framework/src/Illuminate/Foundation/Http/Kernel.php(146): Illuminate\\Foundation\\Http\\Kernel->bootstrap()
#34 /home2/toupos/public_html/vendor/laravel/framework/src/Illuminate/Foundation/Http/Kernel.php(116): Illuminate\\Foundation\\Http\\Kernel->sendRequestThroughRouter(Object(Illuminate\\Http\\Request))
#35 /home2/toupos/public_html/public/index.php(53): Illuminate\\Foundation\\Http\\Kernel->handle(Object(Illuminate\\Http\\Request))
#36 {main}
"} 
[2019-09-10 07:03:29] live.ERROR: SQLSTATE[HY000] [1045] Access denied for user 'toupos_ac'@'localhost' (using password: YES) (SQL: select * from `system` where `key` = woocommerce_version limit 1) {"exception":"[object] (Illuminate\\Database\\QueryException(code: 1045): SQLSTATE[HY000] [1045] Access denied for user 'toupos_ac'@'localhost' (using password: YES) (SQL: select * from `system` where `key` = woocommerce_version limit 1) at /home2/toupos/public_html/vendor/laravel/framework/src/Illuminate/Database/Connection.php:664, PDOException(code: 1045): SQLSTATE[HY000] [1045] Access denied for user 'toupos_ac'@'localhost' (using password: YES) at /home2/toupos/public_html/vendor/laravel/framework/src/Illuminate/Database/Connectors/Connector.php:67)
[stacktrace]
#0 /home2/toupos/public_html/vendor/laravel/framework/src/Illuminate/Database/Connection.php(624): Illuminate\\Database\\Connection->runQueryCallback('select * from `...', Array, Object(Closure))
#1 /home2/toupos/public_html/vendor/laravel/framework/src/Illuminate/Database/Connection.php(333): Illuminate\\Database\\Connection->run('select * from `...', Array, Object(Closure))
#2 /home2/toupos/public_html/vendor/laravel/framework/src/Illuminate/Database/Query/Builder.php(1719): Illuminate\\Database\\Connection->select('select * from `...', Array, true)
#3 /home2/toupos/public_html/vendor/laravel/framework/src/Illuminate/Database/Query/Builder.php(1704): Illuminate\\Database\\Query\\Builder->runSelect()
#4 /home2/toupos/public_html/vendor/laravel/framework/src/Illuminate/Database/Eloquent/Builder.php(481): Illuminate\\Database\\Query\\Builder->get(Array)
#5 /home2/toupos/public_html/vendor/laravel/framework/src/Illuminate/Database/Eloquent/Builder.php(465): Illuminate\\Database\\Eloquent\\Builder->getModels(Array)
#6 /home2/toupos/public_html/vendor/laravel/framework/src/Illuminate/Database/Concerns/BuildsQueries.php(77): Illuminate\\Database\\Eloquent\\Builder->get(Array)
#7 /home2/toupos/public_html/app/System.php(39): Illuminate\\Database\\Eloquent\\Builder->first()
#8 /home2/toupos/public_html/app/Utils/ModuleUtil.php(27): App\\System::getProperty('woocommerce_ver...')
#9 /home2/toupos/public_html/Modules/Woocommerce/Providers/WoocommerceServiceProvider.php(151): App\\Utils\\ModuleUtil->isModuleInstalled('Woocommerce')
#10 /home2/toupos/public_html/Modules/Woocommerce/Providers/WoocommerceServiceProvider.php(48): Modules\\Woocommerce\\Providers\\WoocommerceServiceProvider->registerScheduleCommands()
#11 [internal function]: Modules\\Woocommerce\\Providers\\WoocommerceServiceProvider->boot()
#12 /home2/toupos/public_html/vendor/laravel/framework/src/Illuminate/Container/BoundMethod.php(29): call_user_func_array(Array, Array)
#13 /home2/toupos/public_html/vendor/laravel/framework/src/Illuminate/Container/BoundMethod.php(87): Illuminate\\Container\\BoundMethod::Illuminate\\Container\\{closure}()
#14 /home2/toupos/public_html/vendor/laravel/framework/src/Illuminate/Container/BoundMethod.php(31): Illuminate\\Container\\BoundMethod::callBoundMethod(Object(Illuminate\\Foundation\\Application), Array, Object(Closure))
#15 /home2/toupos/public_html/vendor/laravel/framework/src/Illuminate/Container/Container.php(549): Illuminate\\Container\\BoundMethod::call(Object(Illuminate\\Foundation\\Application), Array, Array, NULL)
#16 /home2/toupos/public_html/vendor/laravel/framework/src/Illuminate/Foundation/Application.php(792): Illuminate\\Container\\Container->call(Array)
#17 /home2/toupos/public_html/vendor/laravel/framework/src/Illuminate/Foundation/Application.php(775): Illuminate\\Foundation\\Application->bootProvider(Object(Modules\\Woocommerce\\Providers\\WoocommerceServiceProvider))
#18 [internal function]: Illuminate\\Foundation\\Application->Illuminate\\Foundation\\{closure}(Object(Modules\\Woocommerce\\Providers\\WoocommerceServiceProvider), 43)
#19 /home2/toupos/public_html/vendor/laravel/framework/src/Illuminate/Foundation/Application.php(776): array_walk(Array, Object(Closure))
#20 /home2/toupos/public_html/vendor/laravel/framework/src/Illuminate/Foundation/Bootstrap/BootProviders.php(17): Illuminate\\Foundation\\Application->boot()
#21 /home2/toupos/public_html/vendor/laravel/framework/src/Illuminate/Foundation/Application.php(213): Illuminate\\Foundation\\Bootstrap\\BootProviders->bootstrap(Object(Illuminate\\Foundation\\Application))
#22 /home2/toupos/public_html/vendor/laravel/framework/src/Illuminate/Foundation/Http/Kernel.php(162): Illuminate\\Foundation\\Application->bootstrapWith(Array)
#23 /home2/toupos/public_html/vendor/laravel/framework/src/Illuminate/Foundation/Http/Kernel.php(146): Illuminate\\Foundation\\Http\\Kernel->bootstrap()
#24 /home2/toupos/public_html/vendor/laravel/framework/src/Illuminate/Foundation/Http/Kernel.php(116): Illuminate\\Foundation\\Http\\Kernel->sendRequestThroughRouter(Object(Illuminate\\Http\\Request))
#25 /home2/toupos/public_html/public/index.php(53): Illuminate\\Foundation\\Http\\Kernel->handle(Object(Illuminate\\Http\\Request))
#26 {main}
"} 
[2019-09-10 07:03:51] live.ERROR: SQLSTATE[42S02]: Base table or view not found: 1146 Table 'toupos_db.system' doesn't exist (SQL: select * from `system` where `key` = woocommerce_version limit 1) {"exception":"[object] (Illuminate\\Database\\QueryException(code: 42S02): SQLSTATE[42S02]: Base table or view not found: 1146 Table 'toupos_db.system' doesn't exist (SQL: select * from `system` where `key` = woocommerce_version limit 1) at /home2/toupos/public_html/vendor/laravel/framework/src/Illuminate/Database/Connection.php:664, PDOException(code: 42S02): SQLSTATE[42S02]: Base table or view not found: 1146 Table 'toupos_db.system' doesn't exist at /home2/toupos/public_html/vendor/laravel/framework/src/Illuminate/Database/Connection.php:326)
[stacktrace]
#0 /home2/toupos/public_html/vendor/laravel/framework/src/Illuminate/Database/Connection.php(624): Illuminate\\Database\\Connection->runQueryCallback('select * from `...', Array, Object(Closure))
#1 /home2/toupos/public_html/vendor/laravel/framework/src/Illuminate/Database/Connection.php(333): Illuminate\\Database\\Connection->run('select * from `...', Array, Object(Closure))
#2 /home2/toupos/public_html/vendor/laravel/framework/src/Illuminate/Database/Query/Builder.php(1719): Illuminate\\Database\\Connection->select('select * from `...', Array, true)
#3 /home2/toupos/public_html/vendor/laravel/framework/src/Illuminate/Database/Query/Builder.php(1704): Illuminate\\Database\\Query\\Builder->runSelect()
#4 /home2/toupos/public_html/vendor/laravel/framework/src/Illuminate/Database/Eloquent/Builder.php(481): Illuminate\\Database\\Query\\Builder->get(Array)
#5 /home2/toupos/public_html/vendor/laravel/framework/src/Illuminate/Database/Eloquent/Builder.php(465): Illuminate\\Database\\Eloquent\\Builder->getModels(Array)
#6 /home2/toupos/public_html/vendor/laravel/framework/src/Illuminate/Database/Concerns/BuildsQueries.php(77): Illuminate\\Database\\Eloquent\\Builder->get(Array)
#7 /home2/toupos/public_html/app/System.php(39): Illuminate\\Database\\Eloquent\\Builder->first()
#8 /home2/toupos/public_html/app/Utils/ModuleUtil.php(27): App\\System::getProperty('woocommerce_ver...')
#9 /home2/toupos/public_html/Modules/Woocommerce/Providers/WoocommerceServiceProvider.php(151): App\\Utils\\ModuleUtil->isModuleInstalled('Woocommerce')
#10 /home2/toupos/public_html/Modules/Woocommerce/Providers/WoocommerceServiceProvider.php(48): Modules\\Woocommerce\\Providers\\WoocommerceServiceProvider->registerScheduleCommands()
#11 [internal function]: Modules\\Woocommerce\\Providers\\WoocommerceServiceProvider->boot()
#12 /home2/toupos/public_html/vendor/laravel/framework/src/Illuminate/Container/BoundMethod.php(29): call_user_func_array(Array, Array)
#13 /home2/toupos/public_html/vendor/laravel/framework/src/Illuminate/Container/BoundMethod.php(87): Illuminate\\Container\\BoundMethod::Illuminate\\Container\\{closure}()
#14 /home2/toupos/public_html/vendor/laravel/framework/src/Illuminate/Container/BoundMethod.php(31): Illuminate\\Container\\BoundMethod::callBoundMethod(Object(Illuminate\\Foundation\\Application), Array, Object(Closure))
#15 /home2/toupos/public_html/vendor/laravel/framework/src/Illuminate/Container/Container.php(549): Illuminate\\Container\\BoundMethod::call(Object(Illuminate\\Foundation\\Application), Array, Array, NULL)
#16 /home2/toupos/public_html/vendor/laravel/framework/src/Illuminate/Foundation/Application.php(792): Illuminate\\Container\\Container->call(Array)
#17 /home2/toupos/public_html/vendor/laravel/framework/src/Illuminate/Foundation/Application.php(775): Illuminate\\Foundation\\Application->bootProvider(Object(Modules\\Woocommerce\\Providers\\WoocommerceServiceProvider))
#18 [internal function]: Illuminate\\Foundation\\Application->Illuminate\\Foundation\\{closure}(Object(Modules\\Woocommerce\\Providers\\WoocommerceServiceProvider), 43)
#19 /home2/toupos/public_html/vendor/laravel/framework/src/Illuminate/Foundation/Application.php(776): array_walk(Array, Object(Closure))
#20 /home2/toupos/public_html/vendor/laravel/framework/src/Illuminate/Foundation/Bootstrap/BootProviders.php(17): Illuminate\\Foundation\\Application->boot()
#21 /home2/toupos/public_html/vendor/laravel/framework/src/Illuminate/Foundation/Application.php(213): Illuminate\\Foundation\\Bootstrap\\BootProviders->bootstrap(Object(Illuminate\\Foundation\\Application))
#22 /home2/toupos/public_html/vendor/laravel/framework/src/Illuminate/Foundation/Http/Kernel.php(162): Illuminate\\Foundation\\Application->bootstrapWith(Array)
#23 /home2/toupos/public_html/vendor/laravel/framework/src/Illuminate/Foundation/Http/Kernel.php(146): Illuminate\\Foundation\\Http\\Kernel->bootstrap()
#24 /home2/toupos/public_html/vendor/laravel/framework/src/Illuminate/Foundation/Http/Kernel.php(116): Illuminate\\Foundation\\Http\\Kernel->sendRequestThroughRouter(Object(Illuminate\\Http\\Request))
#25 /home2/toupos/public_html/public/index.php(53): Illuminate\\Foundation\\Http\\Kernel->handle(Object(Illuminate\\Http\\Request))
#26 {main}
"} 
